{
  "RSpec": {
    "coverage": {
      "/Users/rps/big_hippo/projects/metropost/app/models/user.rb": [
        1,
        null,
        null,
        1,
        null,
        null,
        1,
        null,
        null,
        null,
        null,
        1,
        null,
        null,
        null,
        null,
        null,
        null,
        1,
        null,
        null,
        null,
        null,
        null,
        null,
        null,
        null,
        null,
        1,
        null,
        null,
        null,
        1,
        null,
        null,
        null,
        null,
        null,
        null,
        1,
        1,
        null,
        1,
        null,
        null
      ],
      "/Users/rps/big_hippo/projects/metropost/app/helpers/application_helper.rb": [
        1,
        null
      ],
      "/Users/rps/big_hippo/projects/metropost/app/helpers/comments_helper.rb": [
        1,
        null
      ],
      "/Users/rps/big_hippo/projects/metropost/app/helpers/favorites_helper.rb": [
        1,
        null
      ],
      "/Users/rps/big_hippo/projects/metropost/app/helpers/session_helper.rb": [
        1,
        null
      ],
      "/Users/rps/big_hippo/projects/metropost/app/helpers/users_helper.rb": [
        1,
        null
      ],
      "/Users/rps/big_hippo/projects/metropost/app/helpers/welcome_helper.rb": [
        1,
        null
      ],
      "/Users/rps/big_hippo/projects/metropost/app/controllers/sessions_controller.rb": [
        1,
        null,
        null,
        null,
        1,
        2,
        null,
        null,
        null,
        null,
        null,
        1,
        null,
        null,
        null,
        null,
        null,
        null,
        null,
        null,
        3,
        null,
        null,
        null,
        3,
        null,
        null,
        null,
        2,
        2,
        null,
        null,
        null,
        2,
        null,
        null,
        2,
        null,
        null,
        1,
        1,
        null,
        null,
        null,
        1,
        null,
        1,
        1,
        1,
        null,
        null,
        null,
        null,
        1,
        null,
        null,
        null,
        1,
        null,
        null,
        null,
        null,
        null,
        null,
        6,
        null,
        null
      ],
      "/Users/rps/big_hippo/projects/metropost/app/controllers/application_controller.rb": [
        1,
        null,
        null,
        1,
        null,
        null,
        1,
        null,
        1,
        null,
        null,
        null,
        null,
        1,
        0,
        null,
        null,
        null
      ],
      "/Users/rps/big_hippo/projects/metropost/app/controllers/users_controller.rb": [
        1,
        null,
        1,
        null,
        null,
        null,
        null,
        1,
        2,
        null,
        null,
        null,
        1,
        null,
        null,
        null,
        null,
        2,
        2,
        1,
        1,
        1,
        null,
        1,
        1,
        null,
        null,
        null,
        null,
        1,
        null,
        1,
        null,
        null,
        2,
        null,
        null
      ]
    },
    "timestamp": 1434481311
  }
}
